easdktool/example/build/app/intermediates/manifest_merge_blame_file/debug/processDebugMainManifest/manifest-merger-blame-debug-report.txt
1<?xml version="1.0" encoding="utf-8"?>
2<manifest xmlns:android="http://schemas.android.com/apk/res/android"
3    package="com.example.easdktool_example"
4    android:versionCode="1"
5    android:versionName="1.0" >
6
7    <uses-sdk
8        android:minSdkVersion="23"
9        android:targetSdkVersion="34" />
10    <!--
11         Flutter needs it to communicate with the running application
12         to allow setting breakpoints, to provide hot reload, etc.
13    -->
14    <uses-permission android:name="android.permission.INTERNET" />
14-->src\main\AndroidManifest.xml:4:5-67
14-->src\main\AndroidManifest.xml:4:22-64
15    <uses-permission android:name="android.permission.WRITE_EXTERNAL_STORAGE" />
15-->src\main\AndroidManifest.xml:5:5-81
15-->src\main\AndroidManifest.xml:5:22-78
16    <uses-permission android:name="android.permission.READ_EXTERNAL_STORAGE" />
16-->src\main\AndroidManifest.xml:6:5-80
16-->src\main\AndroidManifest.xml:6:22-77
17    <uses-permission android:name="android.permission.FOREGROUND_SERVICE" />
17-->src\main\AndroidManifest.xml:7:5-77
17-->src\main\AndroidManifest.xml:7:22-74
18    <uses-permission android:name="android.permission.BLUETOOTH_CONNECT" />
18-->src\main\AndroidManifest.xml:8:5-76
18-->src\main\AndroidManifest.xml:8:22-73
19    <uses-permission android:name="android.permission.BLUETOOTH" />
19-->src\main\AndroidManifest.xml:9:5-68
19-->src\main\AndroidManifest.xml:9:22-65
20    <uses-permission android:name="android.permission.BLUETOOTH_SCAN" />
20-->src\main\AndroidManifest.xml:10:5-73
20-->src\main\AndroidManifest.xml:10:22-70
21    <uses-permission android:name="android.permission.BLUETOOTH_ADMIN" />
21-->src\main\AndroidManifest.xml:11:5-74
21-->src\main\AndroidManifest.xml:11:22-71
22    <uses-permission android:name="android.permission.READ_MEDIA_IMAGES" />
22-->src\main\AndroidManifest.xml:12:5-76
22-->src\main\AndroidManifest.xml:12:22-73
23    <uses-permission android:name="android.permission.FOREGROUND_SERVICE_MEDIA_PLAYBACK" />
23-->src\main\AndroidManifest.xml:13:5-92
23-->src\main\AndroidManifest.xml:13:22-89
24    <uses-permission android:name="android.permission.FOREGROUND_SERVICE_CONNECTED_DEVICE" />
24-->src\main\AndroidManifest.xml:14:5-94
24-->src\main\AndroidManifest.xml:14:22-91
25    <uses-permission android:name="android.permission.FOREGROUND_SERVICE_CONNECTED_DEVICE" />
25-->src\main\AndroidManifest.xml:14:5-94
25-->src\main\AndroidManifest.xml:14:22-91
26    <uses-permission android:name="android.permission.READ_PHONE_STATE" />
26-->[:easdktool] AndroidManifest.xml:7:5-75
26-->[:easdktool] AndroidManifest.xml:7:22-72
27    <uses-permission android:name="android.permission.READ_CONTACTS" />
27-->[:easdktool] AndroidManifest.xml:8:5-72
27-->[:easdktool] AndroidManifest.xml:8:22-69
28    <uses-permission android:name="android.permission.READ_CALL_LOG" />
28-->[:easdktool] AndroidManifest.xml:9:5-72
28-->[:easdktool] AndroidManifest.xml:9:22-69
29    <uses-permission android:name="android.permission.READ_SMS" />
29-->[:easdktool] AndroidManifest.xml:10:5-67
29-->[:easdktool] AndroidManifest.xml:10:22-64
30    <uses-permission android:name="android.permission.RECEIVE_SMS" />
30-->[:easdktool] AndroidManifest.xml:11:5-70
30-->[:easdktool] AndroidManifest.xml:11:22-67
31    <uses-permission android:name="android.permission.ACCESS_NETWORK_STATE" />
31-->[:easdktool] AndroidManifest.xml:13:5-79
31-->[:easdktool] AndroidManifest.xml:13:22-76
32    <uses-permission android:name="android.permission.WAKE_LOCK" />
32-->[:flutter_foreground_task] AndroidManifest.xml:8:5-68
32-->[:flutter_foreground_task] AndroidManifest.xml:8:22-65
33    <uses-permission android:name="android.permission.RECEIVE_BOOT_COMPLETED" />
33-->[:flutter_foreground_task] AndroidManifest.xml:9:5-81
33-->[:flutter_foreground_task] AndroidManifest.xml:9:22-78
34    <uses-permission android:name="android.permission.POST_NOTIFICATIONS" />
34-->[:flutter_foreground_task] AndroidManifest.xml:10:5-77
34-->[:flutter_foreground_task] AndroidManifest.xml:10:22-74
35
36    <permission
36-->[androidx.core:core:1.13.1] AndroidManifest.xml:22:5-24:47
37        android:name="com.example.easdktool_example.DYNAMIC_RECEIVER_NOT_EXPORTED_PERMISSION"
37-->[androidx.core:core:1.13.1] AndroidManifest.xml:23:9-81
38        android:protectionLevel="signature" />
38-->[androidx.core:core:1.13.1] AndroidManifest.xml:24:9-44
39
40    <uses-permission android:name="com.example.easdktool_example.DYNAMIC_RECEIVER_NOT_EXPORTED_PERMISSION" />
40-->[androidx.core:core:1.13.1] AndroidManifest.xml:26:5-97
40-->[androidx.core:core:1.13.1] AndroidManifest.xml:26:22-94
41    <uses-permission android:name="android.permission.ACCESS_COARSE_LOCATION" />
41-->[:ax_sdk_4.3.8:] AndroidManifest.xml:11:5-81
41-->[:ax_sdk_4.3.8:] AndroidManifest.xml:11:22-78
42    <uses-permission android:name="android.permission.ACCESS_FINE_LOCATION" />
42-->[:ax_sdk_4.3.8:] AndroidManifest.xml:12:5-79
42-->[:ax_sdk_4.3.8:] AndroidManifest.xml:12:22-76
43
44    <uses-feature
44-->[:jl_bt_ota_V1.9.3-release:] AndroidManifest.xml:19:5-21:35
45        android:name="android.hardware.bluetooth_le"
45-->[:jl_bt_ota_V1.9.3-release:] AndroidManifest.xml:20:9-53
46        android:required="true" />
46-->[:jl_bt_ota_V1.9.3-release:] AndroidManifest.xml:21:9-32
47
48    <application
48-->src\main\AndroidManifest.xml:19:5-51:19
49        android:name="com.example.easdktool.ApexApplication"
49-->[:easdktool] AndroidManifest.xml:20:9-61
50        android:allowBackup="true"
50-->[io.github.yuweiguocn:GreenDaoUpgradeHelper:v2.2.1] AndroidManifest.xml:12:9-35
51        android:appComponentFactory="androidx.core.app.CoreComponentFactory"
51-->[androidx.core:core:1.13.1] AndroidManifest.xml:28:18-86
52        android:debuggable="true"
53        android:extractNativeLibs="false"
54        android:icon="@mipmap/ic_launcher"
54-->src\main\AndroidManifest.xml:20:9-43
55        android:label="easdktool_example"
55-->src\main\AndroidManifest.xml:21:9-42
56        android:networkSecurityConfig="@xml/net_option"
56-->[:easdktool] AndroidManifest.xml:21:9-56
57        android:supportsRtl="true" >
57-->[io.github.yuweiguocn:GreenDaoUpgradeHelper:v2.2.1] AndroidManifest.xml:13:9-35
58        <activity
58-->src\main\AndroidManifest.xml:22:9-41:20
59            android:name="com.example.easdktool_example.MainActivity"
59-->src\main\AndroidManifest.xml:23:13-41
60            android:configChanges="orientation|keyboardHidden|keyboard|screenSize|smallestScreenSize|locale|layoutDirection|fontScale|screenLayout|density|uiMode"
60-->src\main\AndroidManifest.xml:24:13-163
61            android:exported="true"
61-->src\main\AndroidManifest.xml:25:13-36
62            android:hardwareAccelerated="true"
62-->src\main\AndroidManifest.xml:26:13-47
63            android:launchMode="singleTop"
63-->src\main\AndroidManifest.xml:27:13-43
64            android:theme="@style/LaunchTheme"
64-->src\main\AndroidManifest.xml:28:13-47
65            android:windowSoftInputMode="adjustResize" >
65-->src\main\AndroidManifest.xml:29:13-55
66
67            <!--
68                 Specifies an Android theme to apply to this Activity as soon as
69                 the Android process has started. This theme is visible to the user
70                 while the Flutter UI initializes. After that, this theme continues
71                 to determine the Window background behind the Flutter UI.
72            -->
73            <meta-data
73-->src\main\AndroidManifest.xml:34:13-36:57
74                android:name="io.flutter.embedding.android.NormalTheme"
74-->src\main\AndroidManifest.xml:35:17-72
75                android:resource="@style/NormalTheme" />
75-->src\main\AndroidManifest.xml:36:17-54
76
77            <intent-filter>
77-->src\main\AndroidManifest.xml:37:13-40:29
78                <action android:name="android.intent.action.MAIN" />
78-->src\main\AndroidManifest.xml:38:17-69
78-->src\main\AndroidManifest.xml:38:25-66
79
80                <category android:name="android.intent.category.LAUNCHER" />
80-->src\main\AndroidManifest.xml:39:17-77
80-->src\main\AndroidManifest.xml:39:27-74
81            </intent-filter>
82        </activity>
83
84        <service
84-->src\main\AndroidManifest.xml:42:9-45:40
85            android:name="com.pravera.flutter_foreground_task.service.ForegroundService"
85-->src\main\AndroidManifest.xml:43:13-89
86            android:exported="false"
86-->src\main\AndroidManifest.xml:45:13-37
87            android:foregroundServiceType="dataSync|remoteMessaging" />
87-->src\main\AndroidManifest.xml:44:13-69
88        <!--
89             Don't delete the meta-data below.
90             This is used by the Flutter tool to generate GeneratedPluginRegistrant.java
91        -->
92        <meta-data
92-->src\main\AndroidManifest.xml:48:9-50:33
93            android:name="flutterEmbedding"
93-->src\main\AndroidManifest.xml:49:13-44
94            android:value="2" />
94-->src\main\AndroidManifest.xml:50:13-30
95
96        <receiver
96-->[:easdktool] AndroidManifest.xml:22:9-29:20
97            android:name="com.example.easdktool.broadcast.SMSReceiveBroadcast"
97-->[:easdktool] AndroidManifest.xml:23:13-79
98            android:enabled="true"
98-->[:easdktool] AndroidManifest.xml:24:13-35
99            android:exported="true" >
99-->[:easdktool] AndroidManifest.xml:25:13-36
100            <intent-filter android:priority="1000" >
100-->[:easdktool] AndroidManifest.xml:26:13-28:29
100-->[:easdktool] AndroidManifest.xml:26:28-51
101                <action android:name="android.provider.Telephony.SMS_RECEIVED" />
101-->[:easdktool] AndroidManifest.xml:27:17-82
101-->[:easdktool] AndroidManifest.xml:27:25-79
102            </intent-filter>
103        </receiver>
104        <receiver
104-->[:easdktool] AndroidManifest.xml:30:9-37:20
105            android:name="com.example.easdktool.broadcast.CallReceiveBroadcast"
105-->[:easdktool] AndroidManifest.xml:31:13-80
106            android:enabled="true"
106-->[:easdktool] AndroidManifest.xml:32:13-35
107            android:exported="true" >
107-->[:easdktool] AndroidManifest.xml:33:13-36
108            <intent-filter android:priority="1000" >
108-->[:easdktool] AndroidManifest.xml:34:13-36:29
108-->[:easdktool] AndroidManifest.xml:34:28-51
109                <action android:name="android.intent.action.PHONE_STATE" />
109-->[:easdktool] AndroidManifest.xml:35:17-76
109-->[:easdktool] AndroidManifest.xml:35:25-73
110            </intent-filter>
111        </receiver>
112        <receiver
112-->[:flutter_foreground_task] AndroidManifest.xml:13:9-23:20
113            android:name="com.pravera.flutter_foreground_task.service.RebootReceiver"
113-->[:flutter_foreground_task] AndroidManifest.xml:14:13-86
114            android:enabled="true"
114-->[:flutter_foreground_task] AndroidManifest.xml:15:13-35
115            android:exported="true" >
115-->[:flutter_foreground_task] AndroidManifest.xml:16:13-36
116            <intent-filter>
116-->[:flutter_foreground_task] AndroidManifest.xml:17:13-22:29
117                <action android:name="android.intent.action.BOOT_COMPLETED" />
117-->[:flutter_foreground_task] AndroidManifest.xml:18:17-79
117-->[:flutter_foreground_task] AndroidManifest.xml:18:25-76
118                <action android:name="android.intent.action.MY_PACKAGE_REPLACED" />
118-->[:flutter_foreground_task] AndroidManifest.xml:19:17-84
118-->[:flutter_foreground_task] AndroidManifest.xml:19:25-81
119                <!-- This is required on HTC devices to support their "quickboot" feature -->
120                <action android:name="android.intent.action.QUICKBOOT_POWERON" />
120-->[:flutter_foreground_task] AndroidManifest.xml:21:17-82
120-->[:flutter_foreground_task] AndroidManifest.xml:21:25-79
121            </intent-filter>
122        </receiver>
123        <receiver
123-->[:flutter_foreground_task] AndroidManifest.xml:24:9-27:40
124            android:name="com.pravera.flutter_foreground_task.service.RestartReceiver"
124-->[:flutter_foreground_task] AndroidManifest.xml:25:13-87
125            android:enabled="true"
125-->[:flutter_foreground_task] AndroidManifest.xml:26:13-35
126            android:exported="false" />
126-->[:flutter_foreground_task] AndroidManifest.xml:27:13-37
127
128        <uses-library
128-->[androidx.window:window:1.2.0] AndroidManifest.xml:23:9-25:40
129            android:name="androidx.window.extensions"
129-->[androidx.window:window:1.2.0] AndroidManifest.xml:24:13-54
130            android:required="false" />
130-->[androidx.window:window:1.2.0] AndroidManifest.xml:25:13-37
131        <uses-library
131-->[androidx.window:window:1.2.0] AndroidManifest.xml:26:9-28:40
132            android:name="androidx.window.sidecar"
132-->[androidx.window:window:1.2.0] AndroidManifest.xml:27:13-51
133            android:required="false" />
133-->[androidx.window:window:1.2.0] AndroidManifest.xml:28:13-37
134
135        <provider
135-->[androidx.lifecycle:lifecycle-process:2.7.0] AndroidManifest.xml:24:9-32:20
136            android:name="androidx.startup.InitializationProvider"
136-->[androidx.lifecycle:lifecycle-process:2.7.0] AndroidManifest.xml:25:13-67
137            android:authorities="com.example.easdktool_example.androidx-startup"
137-->[androidx.lifecycle:lifecycle-process:2.7.0] AndroidManifest.xml:26:13-68
138            android:exported="false" >
138-->[androidx.lifecycle:lifecycle-process:2.7.0] AndroidManifest.xml:27:13-37
139            <meta-data
139-->[androidx.lifecycle:lifecycle-process:2.7.0] AndroidManifest.xml:29:13-31:52
140                android:name="androidx.lifecycle.ProcessLifecycleInitializer"
140-->[androidx.lifecycle:lifecycle-process:2.7.0] AndroidManifest.xml:30:17-78
141                android:value="androidx.startup" />
141-->[androidx.lifecycle:lifecycle-process:2.7.0] AndroidManifest.xml:31:17-49
142            <meta-data
142-->[androidx.profileinstaller:profileinstaller:1.3.1] AndroidManifest.xml:29:13-31:52
143                android:name="androidx.profileinstaller.ProfileInstallerInitializer"
143-->[androidx.profileinstaller:profileinstaller:1.3.1] AndroidManifest.xml:30:17-85
144                android:value="androidx.startup" />
144-->[androidx.profileinstaller:profileinstaller:1.3.1] AndroidManifest.xml:31:17-49
145        </provider>
146
147        <receiver
147-->[androidx.profileinstaller:profileinstaller:1.3.1] AndroidManifest.xml:34:9-52:20
148            android:name="androidx.profileinstaller.ProfileInstallReceiver"
148-->[androidx.profileinstaller:profileinstaller:1.3.1] AndroidManifest.xml:35:13-76
149            android:directBootAware="false"
149-->[androidx.profileinstaller:profileinstaller:1.3.1] AndroidManifest.xml:36:13-44
150            android:enabled="true"
150-->[androidx.profileinstaller:profileinstaller:1.3.1] AndroidManifest.xml:37:13-35
151            android:exported="true"
151-->[androidx.profileinstaller:profileinstaller:1.3.1] AndroidManifest.xml:38:13-36
152            android:permission="android.permission.DUMP" >
152-->[androidx.profileinstaller:profileinstaller:1.3.1] AndroidManifest.xml:39:13-57
153            <intent-filter>
153-->[androidx.profileinstaller:profileinstaller:1.3.1] AndroidManifest.xml:40:13-42:29
154                <action android:name="androidx.profileinstaller.action.INSTALL_PROFILE" />
154-->[androidx.profileinstaller:profileinstaller:1.3.1] AndroidManifest.xml:41:17-91
154-->[androidx.profileinstaller:profileinstaller:1.3.1] AndroidManifest.xml:41:25-88
155            </intent-filter>
156            <intent-filter>
156-->[androidx.profileinstaller:profileinstaller:1.3.1] AndroidManifest.xml:43:13-45:29
157                <action android:name="androidx.profileinstaller.action.SKIP_FILE" />
157-->[androidx.profileinstaller:profileinstaller:1.3.1] AndroidManifest.xml:44:17-85
157-->[androidx.profileinstaller:profileinstaller:1.3.1] AndroidManifest.xml:44:25-82
158            </intent-filter>
159            <intent-filter>
159-->[androidx.profileinstaller:profileinstaller:1.3.1] AndroidManifest.xml:46:13-48:29
160                <action android:name="androidx.profileinstaller.action.SAVE_PROFILE" />
160-->[androidx.profileinstaller:profileinstaller:1.3.1] AndroidManifest.xml:47:17-88
160-->[androidx.profileinstaller:profileinstaller:1.3.1] AndroidManifest.xml:47:25-85
161            </intent-filter>
162            <intent-filter>
162-->[androidx.profileinstaller:profileinstaller:1.3.1] AndroidManifest.xml:49:13-51:29
163                <action android:name="androidx.profileinstaller.action.BENCHMARK_OPERATION" />
163-->[androidx.profileinstaller:profileinstaller:1.3.1] AndroidManifest.xml:50:17-95
163-->[androidx.profileinstaller:profileinstaller:1.3.1] AndroidManifest.xml:50:25-92
164            </intent-filter>
165        </receiver>
166    </application>
167
168</manifest>